# JRE version: OpenJDK Runtime Environment (8.0_152-b01) (build 1.8.0_152-release-915-b01)
# Java VM: OpenJDK 64-Bit Server VM (25.152-b01 mixed mode windows-amd64 compressed oops)
Heap:
 PSYoungGen      total 134656K, used 83030K [0x00000000e0000000, 0x00000000ea400000, 0x0000000100000000)
  eden space 115200K, 72% used [0x00000000e0000000,0x00000000e5115a88,0x00000000e7080000)
  from space 19456K, 0% used [0x00000000e8500000,0x00000000e8500000,0x00000000e9800000)
  to   space 20992K, 0% used [0x00000000e7080000,0x00000000e7080000,0x00000000e8500000)
 ParOldGen       total 155136K, used 35193K [0x00000000a0000000, 0x00000000a9780000, 0x00000000e0000000)
  object space 155136K, 22% used [0x00000000a0000000,0x00000000a225e670,0x00000000a9780000)
 Metaspace       used 57540K, capacity 59592K, committed 59864K, reserved 1101824K
  class space    used 7828K, capacity 8345K, committed 8448K, reserved 1048576K
GC Heap History (10 events):
Event: 15.462 GC heap before
{Heap before GC invocations=13 (full 2):
 PSYoungGen      total 84992K, used 82103K [0x00000000e0000000, 0x00000000e5f00000, 0x0000000100000000)
  eden space 74752K, 100% used [0x00000000e0000000,0x00000000e4900000,0x00000000e4900000)
  from space 10240K, 71% used [0x00000000e5500000,0x00000000e5c2dc08,0x00000000e5f00000)
  to   space 11264K, 0% used [0x00000000e4900000,0x00000000e4900000,0x00000000e5400000)
 ParOldGen       total 109056K, used 15037K [0x00000000a0000000, 0x00000000a6a80000, 0x00000000e0000000)
  object space 109056K, 13% used [0x00000000a0000000,0x00000000a0eaf7f8,0x00000000a6a80000)
 Metaspace       used 45042K, capacity 46024K, committed 46296K, reserved 1089536K
  class space    used 5943K, capacity 6322K, committed 6400K, reserved 1048576K
Event: 15.476 GC heap after
Heap after GC invocations=13 (full 2):
 PSYoungGen      total 86016K, used 11261K [0x00000000e0000000, 0x00000000e7280000, 0x0000000100000000)
  eden space 74752K, 0% used [0x00000000e0000000,0x00000000e0000000,0x00000000e4900000)
  from space 11264K, 99% used [0x00000000e4900000,0x00000000e53ff598,0x00000000e5400000)
  to   space 12288K, 0% used [0x00000000e6680000,0x00000000e6680000,0x00000000e7280000)
 ParOldGen       total 109056K, used 15236K [0x00000000a0000000, 0x00000000a6a80000, 0x00000000e0000000)
  object space 109056K, 13% used [0x00000000a0000000,0x00000000a0ee1208,0x00000000a6a80000)
 Metaspace       used 45042K, capacity 46024K, committed 46296K, reserved 1089536K
  class space    used 5943K, capacity 6322K, committed 6400K, reserved 1048576K
}
Event: 17.124 GC heap before
{Heap before GC invocations=14 (full 2):
 PSYoungGen      total 86016K, used 86013K [0x00000000e0000000, 0x00000000e7280000, 0x0000000100000000)
  eden space 74752K, 100% used [0x00000000e0000000,0x00000000e4900000,0x00000000e4900000)
  from space 11264K, 99% used [0x00000000e4900000,0x00000000e53ff598,0x00000000e5400000)
  to   space 12288K, 0% used [0x00000000e6680000,0x00000000e6680000,0x00000000e7280000)
 ParOldGen       total 109056K, used 15236K [0x00000000a0000000, 0x00000000a6a80000, 0x00000000e0000000)
  object space 109056K, 13% used [0x00000000a0000000,0x00000000a0ee1208,0x00000000a6a80000)
 Metaspace       used 51808K, capacity 53078K, committed 53336K, reserved 1095680K
  class space    used 6868K, capacity 7263K, committed 7296K, reserved 1048576K
Event: 17.141 GC heap after
Heap after GC invocations=14 (full 2):
 PSYoungGen      total 102400K, used 12286K [0x00000000e0000000, 0x00000000e7800000, 0x0000000100000000)
  eden space 90112K, 0% used [0x00000000e0000000,0x00000000e0000000,0x00000000e5800000)
  from space 12288K, 99% used [0x00000000e6680000,0x00000000e727fbd8,0x00000000e7280000)
  to   space 14848K, 0% used [0x00000000e5800000,0x00000000e5800000,0x00000000e6680000)
 ParOldGen       total 109056K, used 18201K [0x00000000a0000000, 0x00000000a6a80000, 0x00000000e0000000)
  object space 109056K, 16% used [0x00000000a0000000,0x00000000a11c67b8,0x00000000a6a80000)
 Metaspace       used 51808K, capacity 53078K, committed 53336K, reserved 1095680K
  class space    used 6868K, capacity 7263K, committed 7296K, reserved 1048576K
}
Event: 18.480 GC heap before
{Heap before GC invocations=15 (full 2):
 PSYoungGen      total 102400K, used 102398K [0x00000000e0000000, 0x00000000e7800000, 0x0000000100000000)
  eden space 90112K, 100% used [0x00000000e0000000,0x00000000e5800000,0x00000000e5800000)
  from space 12288K, 99% used [0x00000000e6680000,0x00000000e727fbd8,0x00000000e7280000)
  to   space 14848K, 0% used [0x00000000e5800000,0x00000000e5800000,0x00000000e6680000)
 ParOldGen       total 109056K, used 18201K [0x00000000a0000000, 0x00000000a6a80000, 0x00000000e0000000)
  object space 109056K, 16% used [0x00000000a0000000,0x00000000a11c67b8,0x00000000a6a80000)
 Metaspace       used 56427K, capacity 58186K, committed 58328K, reserved 1099776K
  class space    used 7610K, capacity 8126K, committed 8192K, reserved 1048576K
Event: 18.512 GC heap after
Heap after GC invocations=15 (full 2):
 PSYoungGen      total 104960K, used 14845K [0x00000000e0000000, 0x00000000e9800000, 0x0000000100000000)
  eden space 90112K, 0% used [0x00000000e0000000,0x00000000e0000000,0x00000000e5800000)
  from space 14848K, 99% used [0x00000000e5800000,0x00000000e667f4e0,0x00000000e6680000)
  to   space 19456K, 0% used [0x00000000e8500000,0x00000000e8500000,0x00000000e9800000)
 ParOldGen       total 109056K, used 25957K [0x00000000a0000000, 0x00000000a6a80000, 0x00000000e0000000)
  object space 109056K, 23% used [0x00000000a0000000,0x00000000a1959710,0x00000000a6a80000)
 Metaspace       used 56427K, capacity 58186K, committed 58328K, reserved 1099776K
  class space    used 7610K, capacity 8126K, committed 8192K, reserved 1048576K
}
Event: 18.729 GC heap before
{Heap before GC invocations=16 (full 2):
 PSYoungGen      total 104960K, used 30590K [0x00000000e0000000, 0x00000000e9800000, 0x0000000100000000)
  eden space 90112K, 17% used [0x00000000e0000000,0x00000000e0f60470,0x00000000e5800000)
  from space 14848K, 99% used [0x00000000e5800000,0x00000000e667f4e0,0x00000000e6680000)
  to   space 19456K, 0% used [0x00000000e8500000,0x00000000e8500000,0x00000000e9800000)
 ParOldGen       total 109056K, used 25957K [0x00000000a0000000, 0x00000000a6a80000, 0x00000000e0000000)
  object space 109056K, 23% used [0x00000000a0000000,0x00000000a1959710,0x00000000a6a80000)
 Metaspace       used 56921K, capacity 58838K, committed 58968K, reserved 1099776K
  class space    used 7705K, capacity 8230K, committed 8320K, reserved 1048576K
Event: 18.743 GC heap after
Heap after GC invocations=16 (full 2):
 PSYoungGen      total 134656K, used 16221K [0x00000000e0000000, 0x00000000ea400000, 0x0000000100000000)
  eden space 115200K, 0% used [0x00000000e0000000,0x00000000e0000000,0x00000000e7080000)
  from space 19456K, 83% used [0x00000000e8500000,0x00000000e94d74e0,0x00000000e9800000)
  to   space 20992K, 0% used [0x00000000e7080000,0x00000000e7080000,0x00000000e8500000)
 ParOldGen       total 109056K, used 25957K [0x00000000a0000000, 0x00000000a6a80000, 0x00000000e0000000)
  object space 109056K, 23% used [0x00000000a0000000,0x00000000a1959710,0x00000000a6a80000)
 Metaspace       used 56921K, capacity 58838K, committed 58968K, reserved 1099776K
  class space    used 7705K, capacity 8230K, committed 8320K, reserved 1048576K
}
Event: 18.743 GC heap before
{Heap before GC invocations=17 (full 3):
 PSYoungGen      total 134656K, used 16221K [0x00000000e0000000, 0x00000000ea400000, 0x0000000100000000)
  eden space 115200K, 0% used [0x00000000e0000000,0x00000000e0000000,0x00000000e7080000)
  from space 19456K, 83% used [0x00000000e8500000,0x00000000e94d74e0,0x00000000e9800000)
  to   space 20992K, 0% used [0x00000000e7080000,0x00000000e7080000,0x00000000e8500000)
 ParOldGen       total 109056K, used 25957K [0x00000000a0000000, 0x00000000a6a80000, 0x00000000e0000000)
  object space 109056K, 23% used [0x00000000a0000000,0x00000000a1959710,0x00000000a6a80000)
 Metaspace       used 56921K, capacity 58838K, committed 58968K, reserved 1099776K
  class space    used 7705K, capacity 8230K, committed 8320K, reserved 1048576K
Event: 18.968 GC heap after
Heap after GC invocations=17 (full 3):
 PSYoungGen      total 134656K, used 0K [0x00000000e0000000, 0x00000000ea400000, 0x0000000100000000)
  eden space 115200K, 0% used [0x00000000e0000000,0x00000000e0000000,0x00000000e7080000)
  from space 19456K, 0% used [0x00000000e8500000,0x00000000e8500000,0x00000000e9800000)
  to   space 20992K, 0% used [0x00000000e7080000,0x00000000e7080000,0x00000000e8500000)
 ParOldGen       total 155136K, used 35193K [0x00000000a0000000, 0x00000000a9780000, 0x00000000e0000000)
  object space 155136K, 22% used [0x00000000a0000000,0x00000000a225e670,0x00000000a9780000)
 Metaspace       used 56921K, capacity 58838K, committed 58968K, reserved 1099776K
  class space    used 7705K, capacity 8230K, committed 8320K, reserved 1048576K
}

